<?xml version="1.0" encoding="UTF-8"?>
<!-- Generated by org.testng.reporters.JUnitReportReporter -->
<testsuite hostname="Ashok" failures="0" tests="1" name="webElements.DropDowns" time="12.021" errors="0" timestamp="2024-08-20T13:27:58 IST" skipped="0">
  <testcase classname="webElements.DropDowns" name="searchWithSelect" time="12.021"/>
  <system-out/>
</testsuite> <!-- webElements.DropDowns -->
