<?xml version="1.0" encoding="UTF-8"?>
<!-- Generated by org.testng.reporters.JUnitReportReporter -->
<testsuite hostname="Ashok" failures="0" tests="1" name="webElements.Video" time="31.450" errors="0" timestamp="2024-08-14T12:09:53 IST" skipped="0">
  <testcase classname="webElements.Video" name="disableRadioBtn" time="31.450"/>
  <system-out/>
</testsuite> <!-- webElements.Video -->
