<?xml version="1.0" encoding="UTF-8"?>
<!-- Generated by org.testng.reporters.JUnitReportReporter -->
<testsuite hostname="Ashok" failures="0" tests="1" name="mouseActions.DragAndDrop" time="9.198" errors="0" timestamp="2024-08-19T10:37:37 IST" skipped="0">
  <testcase classname="mouseActions.DragAndDrop" name="dragMultliple" time="9.198"/>
  <system-out/>
</testsuite> <!-- mouseActions.DragAndDrop -->
