<?xml version="1.0" encoding="UTF-8"?>
<!-- Generated by org.testng.reporters.JUnitReportReporter -->
<testsuite hostname="Ashok" failures="0" tests="1" name="popups.BrowserWindow" time="11.565" errors="0" timestamp="2024-08-20T16:11:18 IST" skipped="0">
  <testcase classname="popups.BrowserWindow" name="multipleWindows" time="11.565"/>
  <system-out/>
</testsuite> <!-- popups.BrowserWindow -->
