<?xml version="1.0" encoding="UTF-8"?>
<!-- Generated by org.testng.reporters.JUnitReportReporter -->
<testsuite hostname="Ashok" failures="0" tests="1" name="popups.HiddenDivision" time="10.014" errors="0" timestamp="2024-08-16T15:17:31 IST" skipped="0">
  <testcase classname="popups.HiddenDivision" name="defaultModal" time="10.014"/>
  <system-out/>
</testsuite> <!-- popups.HiddenDivision -->
