<?xml version="1.0" encoding="UTF-8"?>
<!-- Generated by org.testng.reporters.JUnitReportReporter -->
<testsuite hostname="Ashok" failures="0" tests="1" name="popups.Notifications" time="8.227" errors="0" timestamp="2024-08-16T11:51:13 IST" skipped="0">
  <testcase classname="popups.Notifications" name="defaultModal" time="8.227"/>
  <system-out/>
</testsuite> <!-- popups.Notifications -->
