<?xml version="1.0" encoding="UTF-8"?>
<!-- Generated by org.testng.reporters.JUnitReportReporter -->
<testsuite hostname="Ashok" failures="0" tests="1" name="webElements.Links" time="6.910" errors="0" timestamp="2024-08-13T16:17:15 IST" skipped="0">
  <testcase classname="webElements.Links" name="defaultLink" time="6.910"/>
  <system-out/>
</testsuite> <!-- webElements.Links -->
