<?xml version="1.0" encoding="UTF-8"?>
<!-- Generated by org.testng.reporters.JUnitReportReporter -->
<testsuite hostname="Ashok" failures="0" tests="1" name="popups.Authentication" time="8.248" errors="0" timestamp="2024-08-14T15:23:01 IST" skipped="0">
  <testcase classname="popups.Authentication" name="authentication" time="8.248"/>
  <system-out/>
</testsuite> <!-- popups.Authentication -->
