<?xml version="1.0" encoding="UTF-8"?>
<!-- Generated by org.testng.reporters.JUnitReportReporter -->
<testsuite hostname="Ashok" failures="0" tests="1" name="dateAndTimePicker.TimePicker" time="16.574" errors="0" timestamp="2024-08-21T16:01:36 IST" skipped="0">
  <testcase classname="dateAndTimePicker.TimePicker" name="analogClock" time="16.574"/>
  <system-out/>
</testsuite> <!-- dateAndTimePicker.TimePicker -->
