<?xml version="1.0" encoding="UTF-8"?>
<!-- Generated by org.testng.reporters.JUnitReportReporter -->
<testsuite hostname="Ashok" failures="0" tests="1" name="mouseActions.MouseHover" time="11.750" errors="0" timestamp="2024-08-18T17:46:13 IST" skipped="0">
  <testcase classname="mouseActions.MouseHover" name="image" time="11.750"/>
  <system-out/>
</testsuite> <!-- mouseActions.MouseHover -->
