<?xml version="1.0" encoding="UTF-8"?>
<!-- Generated by org.testng.reporters.JUnitReportReporter -->
<testsuite hostname="Ashok" failures="0" tests="1" name="others.Print" time="18.256" errors="0" timestamp="2024-08-20T11:09:00 IST" skipped="0">
  <testcase classname="others.Print" name="print" time="18.256"/>
  <system-out/>
</testsuite> <!-- others.Print -->
