<?xml version="1.0" encoding="UTF-8"?>
<!-- Generated by org.testng.reporters.JUnitReportReporter -->
<testsuite hostname="Ashok" failures="0" tests="1" name="webElements.Toggle" time="14.576" errors="0" timestamp="2024-08-20T11:48:48 IST" skipped="0">
  <testcase classname="webElements.Toggle" name="disabledToggles" time="14.576"/>
  <system-out/>
</testsuite> <!-- webElements.Toggle -->
