<?xml version="1.0" encoding="UTF-8"?>
<!-- Generated by org.testng.reporters.JUnitReportReporter -->
<testsuite hostname="Ashok" failures="0" tests="1" name="webElements.WebTable" time="16.890" errors="0" timestamp="2024-08-14T13:24:27 IST" skipped="0">
  <testcase classname="webElements.WebTable" name="tablePagination" time="16.890"/>
  <system-out/>
</testsuite> <!-- webElements.WebTable -->
