<?xml version="1.0" encoding="UTF-8"?>
<!-- Generated by org.testng.reporters.JUnitReportReporter -->
<testsuite hostname="Ashok" failures="0" tests="1" name="KeyboardActions.VirtualKeyboard" time="10.310" errors="0" timestamp="2024-08-20T17:41:58 IST" skipped="0">
  <testcase classname="KeyboardActions.VirtualKeyboard" name="ratings" time="10.310"/>
  <system-out/>
</testsuite> <!-- KeyboardActions.VirtualKeyboard -->
