<?xml version="1.0" encoding="UTF-8"?>
<!-- Generated by org.testng.reporters.JUnitReportReporter -->
<testsuite hostname="Ashok" failures="0" tests="1" name="webElements.Checkboxes" time="30.889" errors="0" timestamp="2024-08-14T11:12:30 IST" skipped="0">
  <testcase classname="webElements.Checkboxes" name="defaultCheckbox" time="30.889"/>
  <system-out/>
</testsuite> <!-- webElements.Checkboxes -->
