<?xml version="1.0" encoding="UTF-8"?>
<!-- Generated by org.testng.reporters.JUnitReportReporter -->
<testsuite hostname="Ashok" failures="0" tests="1" name="dateAndTimePicker.DatePicker" time="45.490" errors="0" timestamp="2024-08-21T15:22:00 IST" skipped="0">
  <testcase classname="dateAndTimePicker.DatePicker" name="date" time="45.490"/>
  <system-out/>
</testsuite> <!-- dateAndTimePicker.DatePicker -->
