<?xml version="1.0" encoding="UTF-8"?>
<!-- Generated by org.testng.reporters.JUnitReportReporter -->
<testsuite hostname="Ashok" failures="0" tests="1" name="assignment.AmazonPageHeight" time="3.451" errors="0" timestamp="2024-08-19T14:38:46 IST" skipped="0">
  <testcase classname="assignment.AmazonPageHeight" name="height" time="3.451"/>
  <system-out/>
</testsuite> <!-- assignment.AmazonPageHeight -->
