<?xml version="1.0" encoding="UTF-8"?>
<!-- Generated by org.testng.reporters.JUnitReportReporter -->
<testsuite hostname="Ashok" failures="0" tests="1" name="popups.Download" time="7.100" errors="0" timestamp="2024-08-16T12:28:59 IST" skipped="0">
  <testcase classname="popups.Download" name="defaultModal" time="7.100"/>
  <system-out/>
</testsuite> <!-- popups.Download -->
