<?xml version="1.0" encoding="UTF-8"?>
<!-- Generated by org.testng.reporters.JUnitReportReporter -->
<testsuite hostname="Ashok" failures="0" tests="1" name="popups.JavaScriptPopups" time="14.732" errors="0" timestamp="2024-08-14T12:55:10 IST" skipped="0">
  <testcase classname="popups.JavaScriptPopups" name="promptAlert" time="14.732"/>
  <system-out/>
</testsuite> <!-- popups.JavaScriptPopups -->
