<?xml version="1.0" encoding="UTF-8"?>
<!-- Generated by org.testng.reporters.JUnitReportReporter -->
<testsuite hostname="Ashok" failures="0" tests="1" name="webElements.TextBox" time="9.213" errors="0" timestamp="2024-08-20T16:59:37 IST" skipped="0">
  <testcase classname="webElements.TextBox" name="disable" time="9.213"/>
  <system-out/>
</testsuite> <!-- webElements.TextBox -->
