<?xml version="1.0" encoding="UTF-8"?>
<!-- Generated by org.testng.reporters.JUnitReportReporter -->
<testsuite hostname="Ashok" failures="0" tests="1" name="webElements.RadioButtons" time="9.819" errors="0" timestamp="2024-08-20T12:23:13 IST" skipped="0">
  <testcase classname="webElements.RadioButtons" name="disableRadioBtn" time="9.819"/>
  <system-out/>
</testsuite> <!-- webElements.RadioButtons -->
