<?xml version="1.0" encoding="UTF-8"?>
<!-- Generated by org.testng.reporters.JUnitReportReporter -->
<testsuite hostname="Ashok" failures="0" tests="1" name="mouseActions.ClickAndHold" time="10.814" errors="0" timestamp="2024-08-19T15:15:40 IST" skipped="0">
  <testcase classname="mouseActions.ClickAndHold" name="defaultDragAndDrop" time="10.814"/>
  <system-out/>
</testsuite> <!-- mouseActions.ClickAndHold -->
