<?xml version="1.0" encoding="UTF-8"?>
<!-- Generated by org.testng.reporters.JUnitReportReporter -->
<testsuite hostname="Ashok" failures="0" tests="1" name="scroll.Scroll" time="10.634" errors="0" timestamp="2024-08-20T10:52:56 IST" skipped="0">
  <testcase classname="scroll.Scroll" name="frameHorizontalScroll" time="10.634"/>
  <system-out/>
</testsuite> <!-- scroll.Scroll -->
