<?xml version="1.0" encoding="UTF-8"?>
<!-- Generated by org.testng.reporters.JUnitReportReporter -->
<testsuite hostname="Ashok" failures="0" tests="1" name="others.StaleElement" time="8.105" errors="0" timestamp="2024-08-18T20:11:56 IST" skipped="0">
  <testcase classname="others.StaleElement" name="defaultProgressBar" time="8.105"/>
  <system-out/>
</testsuite> <!-- others.StaleElement -->
