<?xml version="1.0" encoding="UTF-8"?>
<!-- Generated by org.testng.reporters.JUnitReportReporter -->
<testsuite hostname="Ashok" failures="0" tests="1" name="KeyboardActions.Keyboard" time="7.455" errors="0" timestamp="2024-08-20T16:29:27 IST" skipped="0">
  <testcase classname="KeyboardActions.Keyboard" name="ratings" time="7.455"/>
  <system-out/>
</testsuite> <!-- KeyboardActions.Keyboard -->
