<?xml version="1.0" encoding="UTF-8"?>
<!-- Generated by org.testng.reporters.JUnitReportReporter -->
<testsuite hostname="Ashok" failures="0" tests="1" name="synchronization.ProgressBar" time="13.608" errors="0" timestamp="2024-08-18T19:56:04 IST" skipped="0">
  <testcase classname="synchronization.ProgressBar" name="withElementProgressBar" time="13.608"/>
  <system-out/>
</testsuite> <!-- synchronization.ProgressBar -->
