<?xml version="1.0" encoding="UTF-8"?>
<!-- Generated by org.testng.reporters.JUnitReportReporter -->
<testsuite hostname="Ashok" failures="0" tests="1" name="webElements.Audio" time="8.164" errors="0" timestamp="2024-08-14T13:16:49 IST" skipped="0">
  <testcase classname="webElements.Audio" name="disableRadioBtn" time="8.164"/>
  <system-out/>
</testsuite> <!-- webElements.Audio -->
