<?xml version="1.0" encoding="UTF-8"?>
<!-- Generated by org.testng.reporters.JUnitReportReporter -->
<testsuite hostname="Ashok" failures="0" tests="1" name="webElements.Buttons" time="7.917" errors="0" timestamp="2024-08-13T15:48:02 IST" skipped="0">
  <testcase classname="webElements.Buttons" name="disable" time="7.917"/>
  <system-out/>
</testsuite> <!-- webElements.Buttons -->
